0 verbose cli /Users/mgq/.nvm/versions/node/v22.12.0/bin/node /Users/mgq/.nvm/versions/node/v22.12.0/bin/npm
1 info using npm@11.4.2
2 info using node@v22.12.0
3 silly config load:file:/Users/mgq/.nvm/versions/node/v22.12.0/lib/node_modules/npm/npmrc
4 silly config load:file:/Users/mgq/Documents/workspace/edu-admin/admin-frontend/.npmrc
5 silly config load:file:/Users/mgq/.npmrc
6 silly config load:file:/Users/mgq/.nvm/versions/node/v22.12.0/etc/npmrc
7 verbose title npm install vue2-datepicker
8 verbose argv "install" "vue2-datepicker" "--save" "--cache" "./.npm-cache"
9 verbose logfile logs-max:10 dir:/Users/mgq/Documents/workspace/edu-admin/admin-frontend/.npm-cache/_logs/2025-11-05T02_14_18_760Z-
10 verbose logfile /Users/mgq/Documents/workspace/edu-admin/admin-frontend/.npm-cache/_logs/2025-11-05T02_14_18_760Z-debug-0.log
11 silly logfile done cleaning log files
12 silly packumentCache heap:4345298944 maxSize:1086324736 maxEntrySize:543162368
13 silly idealTree buildDeps
14 silly fetch manifest vue2-datepicker@*
15 silly packumentCache full:https://registry.npmmirror.com/vue2-datepicker cache-miss
16 http fetch GET 200 https://registry.npmmirror.com/vue2-datepicker 367ms (cache miss)
17 silly packumentCache full:https://registry.npmmirror.com/vue2-datepicker set size:48254 disposed:false
18 silly fetch manifest vue@^2.7.14
19 silly packumentCache full:https://registry.npmmirror.com/vue cache-miss
20 http fetch GET 200 https://registry.npmmirror.com/vue 140ms (cache updated)
21 silly packumentCache full:https://registry.npmmirror.com/vue set size:360415 disposed:false
22 silly placeDep ROOT vue2-datepicker@3.11.1 OK for: edu-admin-frontend@0.1.0 want: *
23 silly fetch manifest date-format-parse@^0.2.7
24 silly packumentCache full:https://registry.npmmirror.com/date-format-parse cache-miss
25 http fetch GET 200 https://registry.npmmirror.com/date-format-parse 102ms (cache miss)
26 silly packumentCache full:https://registry.npmmirror.com/date-format-parse set size:5868 disposed:false
27 silly placeDep ROOT date-format-parse@0.2.7 OK for: vue2-datepicker@3.11.1 want: ^0.2.7
28 silly reify moves {}
29 silly audit bulk request {
29 silly audit   '@ant-design/colors': [ '3.2.2' ],
29 silly audit   '@ant-design/icons': [ '2.1.1' ],
29 silly audit   '@ant-design/icons-vue': [ '2.0.0' ],
29 silly audit   '@babel/helper-string-parser': [ '7.27.1' ],
29 silly audit   '@babel/helper-validator-identifier': [ '7.28.5' ],
29 silly audit   '@babel/parser': [ '7.28.5' ],
29 silly audit   '@babel/types': [ '7.28.5' ],
29 silly audit   '@esbuild/android-arm': [ '0.18.20' ],
29 silly audit   '@esbuild/android-arm64': [ '0.18.20' ],
29 silly audit   '@esbuild/android-x64': [ '0.18.20' ],
29 silly audit   '@esbuild/darwin-arm64': [ '0.18.20' ],
29 silly audit   '@esbuild/darwin-x64': [ '0.18.20' ],
29 silly audit   '@esbuild/freebsd-arm64': [ '0.18.20' ],
29 silly audit   '@esbuild/freebsd-x64': [ '0.18.20' ],
29 silly audit   '@esbuild/linux-arm': [ '0.18.20' ],
29 silly audit   '@esbuild/linux-arm64': [ '0.18.20' ],
29 silly audit   '@esbuild/linux-ia32': [ '0.18.20' ],
29 silly audit   '@esbuild/linux-loong64': [ '0.18.20' ],
29 silly audit   '@esbuild/linux-mips64el': [ '0.18.20' ],
29 silly audit   '@esbuild/linux-ppc64': [ '0.18.20' ],
29 silly audit   '@esbuild/linux-riscv64': [ '0.18.20' ],
29 silly audit   '@esbuild/linux-s390x': [ '0.18.20' ],
29 silly audit   '@esbuild/linux-x64': [ '0.18.20' ],
29 silly audit   '@esbuild/netbsd-x64': [ '0.18.20' ],
29 silly audit   '@esbuild/openbsd-x64': [ '0.18.20' ],
29 silly audit   '@esbuild/sunos-x64': [ '0.18.20' ],
29 silly audit   '@esbuild/win32-arm64': [ '0.18.20' ],
29 silly audit   '@esbuild/win32-ia32': [ '0.18.20' ],
29 silly audit   '@esbuild/win32-x64': [ '0.18.20' ],
29 silly audit   '@simonwep/pickr': [ '1.7.4' ],
29 silly audit   '@vitejs/plugin-vue2': [ '2.3.4' ],
29 silly audit   '@vue/compiler-sfc': [ '2.7.16' ],
29 silly audit   'add-dom-event-listener': [ '1.1.0' ],
29 silly audit   'ant-design-vue': [ '1.7.8' ],
29 silly audit   'array-tree-filter': [ '2.1.0' ],
29 silly audit   'async-validator': [ '3.5.2' ],
29 silly audit   'babel-helper-vue-jsx-merge-props': [ '2.0.3' ],
29 silly audit   'babel-runtime': [ '6.26.0' ],
29 silly audit   'core-js': [ '2.6.12', '3.46.0' ],
29 silly audit   classnames: [ '2.5.1' ],
29 silly audit   'component-classes': [ '1.2.6' ],
29 silly audit   'component-indexof': [ '0.0.3' ],
29 silly audit   csstype: [ '3.1.3' ],
29 silly audit   'de-indent': [ '1.0.2' ],
29 silly audit   'dom-align': [ '1.12.4' ],
29 silly audit   'dom-closest': [ '0.2.0' ],
29 silly audit   'dom-matches': [ '2.0.0' ],
29 silly audit   'dom-scroll-into-view': [ '2.0.1' ],
29 silly audit   'enquire.js': [ '2.1.6' ],
29 silly audit   esbuild: [ '0.18.20' ],
29 silly audit   fsevents: [ '2.3.3' ],
29 silly audit   he: [ '1.2.0' ],
29 silly audit   intersperse: [ '1.0.0' ],
29 silly audit   'is-mobile': [ '2.2.2' ],
29 silly audit   'is-negative-zero': [ '2.0.3' ],
29 silly audit   ismobilejs: [ '1.1.1' ],
29 silly audit   'js-tokens': [ '4.0.0' ],
29 silly audit   json2mq: [ '0.2.0' ],
29 silly audit   lodash: [ '4.17.21' ],
29 silly audit   'loose-envify': [ '1.4.0' ],
29 silly audit   moment: [ '2.30.1' ],
29 silly audit   'mutationobserver-shim': [ '0.3.7' ],
29 silly audit   nanoid: [ '3.3.11' ],
29 silly audit   nanopop: [ '2.4.2' ],
29 silly audit   'node-emoji': [ '1.11.0' ],
29 silly audit   'object-assign': [ '4.1.1' ],
29 silly audit   'omit.js': [ '1.0.2' ],
29 silly audit   'performance-now': [ '2.1.0' ],
29 silly audit   picocolors: [ '1.1.1' ],
29 silly audit   postcss: [ '8.5.6' ],
29 silly audit   prettier: [ '2.8.8' ],
29 silly audit   raf: [ '3.4.1' ],
29 silly audit   'regenerator-runtime': [ '0.11.1' ],
29 silly audit   'resize-observer-polyfill': [ '1.5.1' ],
29 silly audit   rollup: [ '3.29.5' ],
29 silly audit   'shallow-equal': [ '1.2.1' ],
29 silly audit   shallowequal: [ '1.1.0' ],
29 silly audit   'source-map': [ '0.6.1' ],
29 silly audit   'source-map-js': [ '1.2.1' ],
29 silly audit   'string-convert': [ '0.2.1' ],
29 silly audit   tinycolor2: [ '1.6.0' ],
29 silly audit   vite: [ '4.5.14' ],
29 silly audit   vue: [ '2.7.16' ],
29 silly audit   'vue-ref': [ '2.0.0' ],
29 silly audit   'vue-router': [ '3.6.5' ],
29 silly audit   'vue-template-compiler': [ '2.7.16' ],
29 silly audit   warning: [ '4.0.3' ],
29 silly audit   'vue2-datepicker': [ '3.11.1' ],
29 silly audit   'date-format-parse': [ '0.2.7' ]
29 silly audit }
30 http cache date-format-parse@https://registry.npmmirror.com/date-format-parse/-/date-format-parse-0.2.7.tgz 0ms (cache hit)
31 http cache vue2-datepicker@https://registry.npmmirror.com/vue2-datepicker/-/vue2-datepicker-3.11.1.tgz 0ms (cache hit)
32 silly tarball no local data for date-format-parse@https://registry.npmmirror.com/date-format-parse/-/date-format-parse-0.2.7.tgz. Extracting by manifest.
33 silly tarball no local data for vue2-datepicker@https://registry.npmmirror.com/vue2-datepicker/-/vue2-datepicker-3.11.1.tgz. Extracting by manifest.
34 http fetch POST 404 https://registry.npmmirror.com/-/npm/v1/security/advisories/bulk 47ms
35 verbose audit error HttpErrorGeneral: 404 Not Found - POST https://registry.npmmirror.com/-/npm/v1/security/advisories/bulk - [NOT_IMPLEMENTED] /-/npm/v1/security/* not implemented yet
35 verbose audit error     at /Users/mgq/.nvm/versions/node/v22.12.0/lib/node_modules/npm/node_modules/npm-registry-fetch/lib/check-response.js:103:15
35 verbose audit error     at process.processTicksAndRejections (node:internal/process/task_queues:105:5)
35 verbose audit error     at async [getReport] (/Users/mgq/.nvm/versions/node/v22.12.0/lib/node_modules/npm/node_modules/@npmcli/arborist/lib/audit-report.js:294:19)
35 verbose audit error     at async AuditReport.run (/Users/mgq/.nvm/versions/node/v22.12.0/lib/node_modules/npm/node_modules/@npmcli/arborist/lib/audit-report.js:106:19) {
35 verbose audit error   headers: [Object: null prototype] {
35 verbose audit error     server: [ 'Tengine' ],
35 verbose audit error     date: [ 'Wed, 05 Nov 2025 02:14:20 GMT' ],
35 verbose audit error     'content-type': [ 'application/json' ],
35 verbose audit error     'transfer-encoding': [ 'chunked' ],
35 verbose audit error     connection: [ 'keep-alive' ],
35 verbose audit error     'strict-transport-security': [ 'max-age=5184000' ],
35 verbose audit error     via: [ 'kunlun3.cn6691[,404666]' ],
35 verbose audit error     'timing-allow-origin': [ '*' ],
35 verbose audit error     eagleid: [ '0152e81717623088601404400e' ],
35 verbose audit error     'x-fetch-attempts': [ '1' ]
35 verbose audit error   },
35 verbose audit error   statusCode: 404,
35 verbose audit error   code: 'E404',
35 verbose audit error   method: 'POST',
35 verbose audit error   uri: 'https://registry.npmmirror.com/-/npm/v1/security/advisories/bulk',
35 verbose audit error   body: {
35 verbose audit error     error: '[NOT_IMPLEMENTED] /-/npm/v1/security/* not implemented yet'
35 verbose audit error   },
35 verbose audit error   pkgid: undefined
35 verbose audit error }
36 silly audit error [object Object]
37 silly audit report null
38 http fetch GET 200 https://cdn.npmmirror.com/packages/date-format-parse/0.2.7/date-format-parse-0.2.7.tgz 498ms (cache miss)
39 http fetch GET 200 https://cdn.npmmirror.com/packages/vue2-datepicker/3.11.1/vue2-datepicker-3.11.1.tgz 501ms (cache miss)
40 silly ADD node_modules/date-format-parse
41 silly ADD node_modules/vue2-datepicker
42 verbose cwd /Users/mgq/Documents/workspace/edu-admin/admin-frontend
43 verbose os Darwin 20.6.0
44 verbose node v22.12.0
45 verbose npm  v11.4.2
46 verbose exit 0
47 info ok
