0 verbose cli /Users/mgq/.nvm/versions/node/v22.12.0/bin/node /Users/mgq/.nvm/versions/node/v22.12.0/bin/npm
1 info using npm@11.4.2
2 info using node@v22.12.0
3 silly config load:file:/Users/mgq/.nvm/versions/node/v22.12.0/lib/node_modules/npm/npmrc
4 silly config load:file:/Users/mgq/Documents/workspace/edu-admin/admin-frontend/.npmrc
5 silly config load:file:/Users/mgq/.npmrc
6 silly config load:file:/Users/mgq/.nvm/versions/node/v22.12.0/etc/npmrc
7 verbose title npm install
8 verbose argv "install" "--cache" ".npm-cache" "--force"
9 verbose logfile logs-max:10 dir:/Users/mgq/Documents/workspace/edu-admin/admin-frontend/.npm-cache/_logs/2025-11-06T07_20_58_981Z-
10 verbose logfile /Users/mgq/Documents/workspace/edu-admin/admin-frontend/.npm-cache/_logs/2025-11-06T07_20_58_981Z-debug-0.log
11 warn using --force Recommended protections disabled.
12 silly logfile done cleaning log files
13 silly packumentCache heap:4345298944 maxSize:1086324736 maxEntrySize:543162368
14 silly idealTree buildDeps
15 verbose shrinkwrap failed to load node_modules/.package-lock.json out of date, updated: node_modules
16 silly reify moves {}
17 silly audit bulk request {
17 silly audit   '@ant-design/colors': [ '3.2.2' ],
17 silly audit   '@ant-design/icons': [ '2.1.1' ],
17 silly audit   '@ant-design/icons-vue': [ '2.0.0' ],
17 silly audit   '@babel/helper-string-parser': [ '7.27.1' ],
17 silly audit   '@babel/helper-validator-identifier': [ '7.28.5' ],
17 silly audit   '@babel/parser': [ '7.28.5' ],
17 silly audit   '@babel/types': [ '7.28.5' ],
17 silly audit   '@esbuild/android-arm': [ '0.18.20' ],
17 silly audit   '@esbuild/android-arm64': [ '0.18.20' ],
17 silly audit   '@esbuild/android-x64': [ '0.18.20' ],
17 silly audit   '@esbuild/darwin-arm64': [ '0.18.20' ],
17 silly audit   '@esbuild/darwin-x64': [ '0.18.20' ],
17 silly audit   '@esbuild/freebsd-arm64': [ '0.18.20' ],
17 silly audit   '@esbuild/freebsd-x64': [ '0.18.20' ],
17 silly audit   '@esbuild/linux-arm': [ '0.18.20' ],
17 silly audit   '@esbuild/linux-arm64': [ '0.18.20' ],
17 silly audit   '@esbuild/linux-ia32': [ '0.18.20' ],
17 silly audit   '@esbuild/linux-loong64': [ '0.18.20' ],
17 silly audit   '@esbuild/linux-mips64el': [ '0.18.20' ],
17 silly audit   '@esbuild/linux-ppc64': [ '0.18.20' ],
17 silly audit   '@esbuild/linux-riscv64': [ '0.18.20' ],
17 silly audit   '@esbuild/linux-s390x': [ '0.18.20' ],
17 silly audit   '@esbuild/linux-x64': [ '0.18.20' ],
17 silly audit   '@esbuild/netbsd-x64': [ '0.18.20' ],
17 silly audit   '@esbuild/openbsd-x64': [ '0.18.20' ],
17 silly audit   '@esbuild/sunos-x64': [ '0.18.20' ],
17 silly audit   '@esbuild/win32-arm64': [ '0.18.20' ],
17 silly audit   '@esbuild/win32-ia32': [ '0.18.20' ],
17 silly audit   '@esbuild/win32-x64': [ '0.18.20' ],
17 silly audit   '@simonwep/pickr': [ '1.7.4' ],
17 silly audit   '@vitejs/plugin-vue2': [ '2.3.4' ],
17 silly audit   '@vue/compiler-sfc': [ '2.7.16' ],
17 silly audit   'add-dom-event-listener': [ '1.1.0' ],
17 silly audit   'ant-design-vue': [ '1.7.8' ],
17 silly audit   'array-tree-filter': [ '2.1.0' ],
17 silly audit   'async-validator': [ '3.5.2' ],
17 silly audit   'babel-helper-vue-jsx-merge-props': [ '2.0.3' ],
17 silly audit   'babel-runtime': [ '6.26.0' ],
17 silly audit   'core-js': [ '2.6.12', '3.46.0' ],
17 silly audit   classnames: [ '2.5.1' ],
17 silly audit   'component-classes': [ '1.2.6' ],
17 silly audit   'component-indexof': [ '0.0.3' ],
17 silly audit   csstype: [ '3.1.3' ],
17 silly audit   'date-format-parse': [ '0.2.7' ],
17 silly audit   'de-indent': [ '1.0.2' ],
17 silly audit   'dom-align': [ '1.12.4' ],
17 silly audit   'dom-closest': [ '0.2.0' ],
17 silly audit   'dom-matches': [ '2.0.0' ],
17 silly audit   'dom-scroll-into-view': [ '2.0.1' ],
17 silly audit   'enquire.js': [ '2.1.6' ],
17 silly audit   esbuild: [ '0.18.20' ],
17 silly audit   fsevents: [ '2.3.3' ],
17 silly audit   he: [ '1.2.0' ],
17 silly audit   intersperse: [ '1.0.0' ],
17 silly audit   'is-mobile': [ '2.2.2' ],
17 silly audit   'is-negative-zero': [ '2.0.3' ],
17 silly audit   ismobilejs: [ '1.1.1' ],
17 silly audit   'js-tokens': [ '4.0.0' ],
17 silly audit   json2mq: [ '0.2.0' ],
17 silly audit   lodash: [ '4.17.21' ],
17 silly audit   'loose-envify': [ '1.4.0' ],
17 silly audit   moment: [ '2.30.1' ],
17 silly audit   'mutationobserver-shim': [ '0.3.7' ],
17 silly audit   nanoid: [ '3.3.11' ],
17 silly audit   nanopop: [ '2.4.2' ],
17 silly audit   'node-emoji': [ '1.11.0' ],
17 silly audit   'object-assign': [ '4.1.1' ],
17 silly audit   'omit.js': [ '1.0.2' ],
17 silly audit   'performance-now': [ '2.1.0' ],
17 silly audit   picocolors: [ '1.1.1' ],
17 silly audit   postcss: [ '8.5.6' ],
17 silly audit   prettier: [ '2.8.8' ],
17 silly audit   raf: [ '3.4.1' ],
17 silly audit   'regenerator-runtime': [ '0.11.1' ],
17 silly audit   'resize-observer-polyfill': [ '1.5.1' ],
17 silly audit   rollup: [ '3.29.5' ],
17 silly audit   'shallow-equal': [ '1.2.1' ],
17 silly audit   shallowequal: [ '1.1.0' ],
17 silly audit   'source-map': [ '0.6.1' ],
17 silly audit   'source-map-js': [ '1.2.1' ],
17 silly audit   'string-convert': [ '0.2.1' ],
17 silly audit   tinycolor2: [ '1.6.0' ],
17 silly audit   vite: [ '4.5.14' ],
17 silly audit   vue: [ '2.7.16' ],
17 silly audit   'vue-ref': [ '2.0.0' ],
17 silly audit   'vue-router': [ '3.6.5' ],
17 silly audit   'vue-template-compiler': [ '2.7.16' ],
17 silly audit   'vue2-datepicker': [ '3.11.1' ],
17 silly audit   warning: [ '4.0.3' ]
17 silly audit }
18 verbose reify failed optional dependency /Users/mgq/Documents/workspace/edu-admin/admin-frontend/node_modules/@esbuild/win32-x64
19 silly reify mark deleted [
19 silly reify   '/Users/mgq/Documents/workspace/edu-admin/admin-frontend/node_modules/@esbuild/win32-x64'
19 silly reify ]
20 verbose reify failed optional dependency /Users/mgq/Documents/workspace/edu-admin/admin-frontend/node_modules/@esbuild/win32-ia32
21 silly reify mark deleted [
21 silly reify   '/Users/mgq/Documents/workspace/edu-admin/admin-frontend/node_modules/@esbuild/win32-ia32'
21 silly reify ]
22 verbose reify failed optional dependency /Users/mgq/Documents/workspace/edu-admin/admin-frontend/node_modules/@esbuild/win32-arm64
23 silly reify mark deleted [
23 silly reify   '/Users/mgq/Documents/workspace/edu-admin/admin-frontend/node_modules/@esbuild/win32-arm64'
23 silly reify ]
24 verbose reify failed optional dependency /Users/mgq/Documents/workspace/edu-admin/admin-frontend/node_modules/@esbuild/sunos-x64
25 silly reify mark deleted [
25 silly reify   '/Users/mgq/Documents/workspace/edu-admin/admin-frontend/node_modules/@esbuild/sunos-x64'
25 silly reify ]
26 verbose reify failed optional dependency /Users/mgq/Documents/workspace/edu-admin/admin-frontend/node_modules/@esbuild/openbsd-x64
27 silly reify mark deleted [
27 silly reify   '/Users/mgq/Documents/workspace/edu-admin/admin-frontend/node_modules/@esbuild/openbsd-x64'
27 silly reify ]
28 verbose reify failed optional dependency /Users/mgq/Documents/workspace/edu-admin/admin-frontend/node_modules/@esbuild/netbsd-x64
29 silly reify mark deleted [
29 silly reify   '/Users/mgq/Documents/workspace/edu-admin/admin-frontend/node_modules/@esbuild/netbsd-x64'
29 silly reify ]
30 verbose reify failed optional dependency /Users/mgq/Documents/workspace/edu-admin/admin-frontend/node_modules/@esbuild/linux-x64
31 silly reify mark deleted [
31 silly reify   '/Users/mgq/Documents/workspace/edu-admin/admin-frontend/node_modules/@esbuild/linux-x64'
31 silly reify ]
32 verbose reify failed optional dependency /Users/mgq/Documents/workspace/edu-admin/admin-frontend/node_modules/@esbuild/linux-s390x
33 silly reify mark deleted [
33 silly reify   '/Users/mgq/Documents/workspace/edu-admin/admin-frontend/node_modules/@esbuild/linux-s390x'
33 silly reify ]
34 verbose reify failed optional dependency /Users/mgq/Documents/workspace/edu-admin/admin-frontend/node_modules/@esbuild/linux-riscv64
35 silly reify mark deleted [
35 silly reify   '/Users/mgq/Documents/workspace/edu-admin/admin-frontend/node_modules/@esbuild/linux-riscv64'
35 silly reify ]
36 verbose reify failed optional dependency /Users/mgq/Documents/workspace/edu-admin/admin-frontend/node_modules/@esbuild/linux-ppc64
37 silly reify mark deleted [
37 silly reify   '/Users/mgq/Documents/workspace/edu-admin/admin-frontend/node_modules/@esbuild/linux-ppc64'
37 silly reify ]
38 verbose reify failed optional dependency /Users/mgq/Documents/workspace/edu-admin/admin-frontend/node_modules/@esbuild/linux-mips64el
39 silly reify mark deleted [
39 silly reify   '/Users/mgq/Documents/workspace/edu-admin/admin-frontend/node_modules/@esbuild/linux-mips64el'
39 silly reify ]
40 verbose reify failed optional dependency /Users/mgq/Documents/workspace/edu-admin/admin-frontend/node_modules/@esbuild/linux-loong64
41 silly reify mark deleted [
41 silly reify   '/Users/mgq/Documents/workspace/edu-admin/admin-frontend/node_modules/@esbuild/linux-loong64'
41 silly reify ]
42 verbose reify failed optional dependency /Users/mgq/Documents/workspace/edu-admin/admin-frontend/node_modules/@esbuild/linux-ia32
43 silly reify mark deleted [
43 silly reify   '/Users/mgq/Documents/workspace/edu-admin/admin-frontend/node_modules/@esbuild/linux-ia32'
43 silly reify ]
44 verbose reify failed optional dependency /Users/mgq/Documents/workspace/edu-admin/admin-frontend/node_modules/@esbuild/linux-arm64
45 silly reify mark deleted [
45 silly reify   '/Users/mgq/Documents/workspace/edu-admin/admin-frontend/node_modules/@esbuild/linux-arm64'
45 silly reify ]
46 verbose reify failed optional dependency /Users/mgq/Documents/workspace/edu-admin/admin-frontend/node_modules/@esbuild/linux-arm
47 silly reify mark deleted [
47 silly reify   '/Users/mgq/Documents/workspace/edu-admin/admin-frontend/node_modules/@esbuild/linux-arm'
47 silly reify ]
48 verbose reify failed optional dependency /Users/mgq/Documents/workspace/edu-admin/admin-frontend/node_modules/@esbuild/freebsd-x64
49 silly reify mark deleted [
49 silly reify   '/Users/mgq/Documents/workspace/edu-admin/admin-frontend/node_modules/@esbuild/freebsd-x64'
49 silly reify ]
50 verbose reify failed optional dependency /Users/mgq/Documents/workspace/edu-admin/admin-frontend/node_modules/@esbuild/freebsd-arm64
51 silly reify mark deleted [
51 silly reify   '/Users/mgq/Documents/workspace/edu-admin/admin-frontend/node_modules/@esbuild/freebsd-arm64'
51 silly reify ]
52 verbose reify failed optional dependency /Users/mgq/Documents/workspace/edu-admin/admin-frontend/node_modules/@esbuild/darwin-arm64
53 silly reify mark deleted [
53 silly reify   '/Users/mgq/Documents/workspace/edu-admin/admin-frontend/node_modules/@esbuild/darwin-arm64'
53 silly reify ]
54 verbose reify failed optional dependency /Users/mgq/Documents/workspace/edu-admin/admin-frontend/node_modules/@esbuild/android-x64
55 silly reify mark deleted [
55 silly reify   '/Users/mgq/Documents/workspace/edu-admin/admin-frontend/node_modules/@esbuild/android-x64'
55 silly reify ]
56 verbose reify failed optional dependency /Users/mgq/Documents/workspace/edu-admin/admin-frontend/node_modules/@esbuild/android-arm64
57 silly reify mark deleted [
57 silly reify   '/Users/mgq/Documents/workspace/edu-admin/admin-frontend/node_modules/@esbuild/android-arm64'
57 silly reify ]
58 verbose reify failed optional dependency /Users/mgq/Documents/workspace/edu-admin/admin-frontend/node_modules/@esbuild/android-arm
59 silly reify mark deleted [
59 silly reify   '/Users/mgq/Documents/workspace/edu-admin/admin-frontend/node_modules/@esbuild/android-arm'
59 silly reify ]
60 http fetch POST 404 https://registry.npmmirror.com/-/npm/v1/security/advisories/bulk 217ms
61 verbose audit error HttpErrorGeneral: 404 Not Found - POST https://registry.npmmirror.com/-/npm/v1/security/advisories/bulk - [NOT_IMPLEMENTED] /-/npm/v1/security/* not implemented yet
61 verbose audit error     at /Users/mgq/.nvm/versions/node/v22.12.0/lib/node_modules/npm/node_modules/npm-registry-fetch/lib/check-response.js:103:15
61 verbose audit error     at process.processTicksAndRejections (node:internal/process/task_queues:105:5)
61 verbose audit error     at async [getReport] (/Users/mgq/.nvm/versions/node/v22.12.0/lib/node_modules/npm/node_modules/@npmcli/arborist/lib/audit-report.js:294:19)
61 verbose audit error     at async AuditReport.run (/Users/mgq/.nvm/versions/node/v22.12.0/lib/node_modules/npm/node_modules/@npmcli/arborist/lib/audit-report.js:106:19)
61 verbose audit error     at async Arborist.reify (/Users/mgq/.nvm/versions/node/v22.12.0/lib/node_modules/npm/node_modules/@npmcli/arborist/lib/arborist/reify.js:280:24)
61 verbose audit error     at async Install.exec (/Users/mgq/.nvm/versions/node/v22.12.0/lib/node_modules/npm/lib/commands/install.js:149:5)
61 verbose audit error     at async Npm.exec (/Users/mgq/.nvm/versions/node/v22.12.0/lib/node_modules/npm/lib/npm.js:208:9)
61 verbose audit error     at async module.exports (/Users/mgq/.nvm/versions/node/v22.12.0/lib/node_modules/npm/lib/cli/entry.js:67:5) {
61 verbose audit error   headers: [Object: null prototype] {
61 verbose audit error     server: [ 'Tengine' ],
61 verbose audit error     date: [ 'Thu, 06 Nov 2025 07:20:59 GMT' ],
61 verbose audit error     'content-type': [ 'application/json' ],
61 verbose audit error     'transfer-encoding': [ 'chunked' ],
61 verbose audit error     connection: [ 'keep-alive' ],
61 verbose audit error     'strict-transport-security': [ 'max-age=5184000' ],
61 verbose audit error     via: [ 'kunlun10.cn5212[,404666]' ],
61 verbose audit error     'timing-allow-origin': [ '*' ],
61 verbose audit error     eagleid: [ '7ae4df1e17624136597535211e' ],
61 verbose audit error     'x-fetch-attempts': [ '1' ]
61 verbose audit error   },
61 verbose audit error   statusCode: 404,
61 verbose audit error   code: 'E404',
61 verbose audit error   method: 'POST',
61 verbose audit error   uri: 'https://registry.npmmirror.com/-/npm/v1/security/advisories/bulk',
61 verbose audit error   body: {
61 verbose audit error     error: '[NOT_IMPLEMENTED] /-/npm/v1/security/* not implemented yet'
61 verbose audit error   },
61 verbose audit error   pkgid: undefined
61 verbose audit error }
62 silly audit error [object Object]
63 silly audit report null
64 silly ADD node_modules/@esbuild/win32-x64
65 silly ADD node_modules/@esbuild/win32-ia32
66 silly ADD node_modules/@esbuild/win32-arm64
67 silly ADD node_modules/@esbuild/sunos-x64
68 silly ADD node_modules/@esbuild/openbsd-x64
69 silly ADD node_modules/@esbuild/netbsd-x64
70 silly ADD node_modules/@esbuild/linux-x64
71 silly ADD node_modules/@esbuild/linux-s390x
72 silly ADD node_modules/@esbuild/linux-riscv64
73 silly ADD node_modules/@esbuild/linux-ppc64
74 silly ADD node_modules/@esbuild/linux-mips64el
75 silly ADD node_modules/@esbuild/linux-loong64
76 silly ADD node_modules/@esbuild/linux-ia32
77 silly ADD node_modules/@esbuild/linux-arm64
78 silly ADD node_modules/@esbuild/linux-arm
79 silly ADD node_modules/@esbuild/freebsd-x64
80 silly ADD node_modules/@esbuild/freebsd-arm64
81 silly ADD node_modules/@esbuild/darwin-arm64
82 silly ADD node_modules/@esbuild/android-x64
83 silly ADD node_modules/@esbuild/android-arm64
84 silly ADD node_modules/@esbuild/android-arm
85 verbose cwd /Users/mgq/Documents/workspace/edu-admin/admin-frontend
86 verbose os Darwin 20.6.0
87 verbose node v22.12.0
88 verbose npm  v11.4.2
89 verbose exit 0
90 info ok
