0 verbose cli /Users/mgq/.nvm/versions/node/v22.12.0/bin/node /Users/mgq/.nvm/versions/node/v22.12.0/bin/npm
1 info using npm@11.4.2
2 info using node@v22.12.0
3 silly config load:file:/Users/mgq/.nvm/versions/node/v22.12.0/lib/node_modules/npm/npmrc
4 silly config load:file:/Users/mgq/Documents/workspace/edu-admin/admin-frontend/.npmrc
5 silly config load:file:/Users/mgq/.npmrc
6 silly config load:file:/Users/mgq/.nvm/versions/node/v22.12.0/etc/npmrc
7 verbose title npm install
8 verbose argv "install" "--cache" ".npm-cache" "--force"
9 verbose logfile logs-max:10 dir:/Users/mgq/Documents/workspace/edu-admin/admin-frontend/.npm-cache/_logs/2025-11-06T07_19_19_439Z-
10 verbose logfile /Users/mgq/Documents/workspace/edu-admin/admin-frontend/.npm-cache/_logs/2025-11-06T07_19_19_439Z-debug-0.log
11 warn using --force Recommended protections disabled.
12 silly logfile done cleaning log files
13 silly packumentCache heap:4345298944 maxSize:1086324736 maxEntrySize:543162368
14 silly idealTree buildDeps
15 verbose shrinkwrap failed to load node_modules/.package-lock.json out of date, updated: node_modules
16 silly reify moves {}
17 verbose stack Error: EACCES: permission denied, mkdir '/Users/mgq/Documents/workspace/edu-admin/admin-frontend/node_modules/@esbuild/android-arm'
17 verbose stack     at async mkdir (node:internal/fs/promises:857:10)
17 verbose stack     at async /Users/mgq/.nvm/versions/node/v22.12.0/lib/node_modules/npm/node_modules/@npmcli/arborist/lib/arborist/reify.js:639:20
17 verbose stack     at async Promise.allSettled (index 0)
17 verbose stack     at async [reifyPackages] (/Users/mgq/.nvm/versions/node/v22.12.0/lib/node_modules/npm/node_modules/@npmcli/arborist/lib/arborist/reify.js:337:11)
17 verbose stack     at async Arborist.reify (/Users/mgq/.nvm/versions/node/v22.12.0/lib/node_modules/npm/node_modules/@npmcli/arborist/lib/arborist/reify.js:142:5)
17 verbose stack     at async Install.exec (/Users/mgq/.nvm/versions/node/v22.12.0/lib/node_modules/npm/lib/commands/install.js:149:5)
17 verbose stack     at async Npm.exec (/Users/mgq/.nvm/versions/node/v22.12.0/lib/node_modules/npm/lib/npm.js:208:9)
17 verbose stack     at async module.exports (/Users/mgq/.nvm/versions/node/v22.12.0/lib/node_modules/npm/lib/cli/entry.js:67:5)
18 error code EACCES
19 error syscall mkdir
20 error path /Users/mgq/Documents/workspace/edu-admin/admin-frontend/node_modules/@esbuild/android-arm
21 error errno -13
22 error Error: EACCES: permission denied, mkdir '/Users/mgq/Documents/workspace/edu-admin/admin-frontend/node_modules/@esbuild/android-arm'
22 error     at async mkdir (node:internal/fs/promises:857:10)
22 error     at async /Users/mgq/.nvm/versions/node/v22.12.0/lib/node_modules/npm/node_modules/@npmcli/arborist/lib/arborist/reify.js:639:20
22 error     at async Promise.allSettled (index 0)
22 error     at async [reifyPackages] (/Users/mgq/.nvm/versions/node/v22.12.0/lib/node_modules/npm/node_modules/@npmcli/arborist/lib/arborist/reify.js:337:11)
22 error     at async Arborist.reify (/Users/mgq/.nvm/versions/node/v22.12.0/lib/node_modules/npm/node_modules/@npmcli/arborist/lib/arborist/reify.js:142:5)
22 error     at async Install.exec (/Users/mgq/.nvm/versions/node/v22.12.0/lib/node_modules/npm/lib/commands/install.js:149:5)
22 error     at async Npm.exec (/Users/mgq/.nvm/versions/node/v22.12.0/lib/node_modules/npm/lib/npm.js:208:9)
22 error     at async module.exports (/Users/mgq/.nvm/versions/node/v22.12.0/lib/node_modules/npm/lib/cli/entry.js:67:5) {
22 error   errno: -13,
22 error   code: 'EACCES',
22 error   syscall: 'mkdir',
22 error   path: '/Users/mgq/Documents/workspace/edu-admin/admin-frontend/node_modules/@esbuild/android-arm'
22 error }
23 error
23 error The operation was rejected by your operating system.
23 error It is likely you do not have the permissions to access this file as the current user
23 error
23 error If you believe this might be a permissions issue, please double-check the
23 error permissions of the file and its containing directories, or try running
23 error the command again as root/Administrator.
24 silly unfinished npm timer reify 1762413560295
25 silly unfinished npm timer reify:createSparse 1762413560394
26 verbose cwd /Users/mgq/Documents/workspace/edu-admin/admin-frontend
27 verbose os Darwin 20.6.0
28 verbose node v22.12.0
29 verbose npm  v11.4.2
30 verbose exit -13
31 verbose code -13
32 error A complete log of this run can be found in: /Users/mgq/Documents/workspace/edu-admin/admin-frontend/.npm-cache/_logs/2025-11-06T07_19_19_439Z-debug-0.log
